<?xml version="1.0" encoding="UTF-8"?>
<testng-results ignored="0" total="3" passed="2" failed="1" skipped="0">
  <reporter-output>
  </reporter-output>
  <suite started-at="2022-09-20T16:41:29 CEST" name="Default suite" finished-at="2022-09-20T16:41:45 CEST" duration-ms="15414">
    <groups>
    </groups>
    <test started-at="2022-09-20T16:41:29 CEST" name="Default test" finished-at="2022-09-20T16:41:45 CEST" duration-ms="15414">
      <class name="domaci_zadatak_19_09_2022.BootstrapTableTests">
        <test-method is-config="true" signature="setup()[pri:0, instance:domaci_zadatak_19_09_2022.BootstrapTableTests@123ef382]" started-at="2022-09-20T16:41:29 CEST" name="setup" finished-at="2022-09-20T16:41:35 CEST" duration-ms="5748" status="PASS">
          <reporter-output>
          </reporter-output>
        </test-method> <!-- setup -->
        <test-method is-config="true" signature="beforeMethod()[pri:0, instance:domaci_zadatak_19_09_2022.BootstrapTableTests@123ef382]" started-at="2022-09-20T16:41:35 CEST" name="beforeMethod" finished-at="2022-09-20T16:41:37 CEST" duration-ms="2270" status="PASS">
          <reporter-output>
          </reporter-output>
        </test-method> <!-- beforeMethod -->
        <test-method signature="editRow()[pri:100, instance:domaci_zadatak_19_09_2022.BootstrapTableTests@123ef382]" started-at="2022-09-20T16:41:37 CEST" name="editRow" finished-at="2022-09-20T16:41:39 CEST" duration-ms="1990" status="PASS">
          <reporter-output>
          </reporter-output>
        </test-method> <!-- editRow -->
        <test-method is-config="true" signature="afterMethod()[pri:0, instance:domaci_zadatak_19_09_2022.BootstrapTableTests@123ef382]" started-at="2022-09-20T16:41:39 CEST" name="afterMethod" finished-at="2022-09-20T16:41:39 CEST" duration-ms="0" status="PASS">
          <reporter-output>
          </reporter-output>
        </test-method> <!-- afterMethod -->
        <test-method is-config="true" signature="beforeMethod()[pri:0, instance:domaci_zadatak_19_09_2022.BootstrapTableTests@123ef382]" started-at="2022-09-20T16:41:39 CEST" name="beforeMethod" finished-at="2022-09-20T16:41:41 CEST" duration-ms="1984" status="PASS">
          <reporter-output>
          </reporter-output>
        </test-method> <!-- beforeMethod -->
        <test-method signature="deleteRow()[pri:200, instance:domaci_zadatak_19_09_2022.BootstrapTableTests@123ef382]" started-at="2022-09-20T16:41:41 CEST" name="deleteRow" finished-at="2022-09-20T16:41:43 CEST" duration-ms="1455" status="FAIL">
          <exception class="java.lang.AssertionError">
            <message>
              <![CDATA[ERROR:Table should contain one row less! expected [1] but found [2]]]>
            </message>
            <full-stacktrace>
              <![CDATA[java.lang.AssertionError: ERROR:Table should contain one row less! expected [1] but found [2]
at org.testng.Assert.fail(Assert.java:99)
at org.testng.Assert.failNotEquals(Assert.java:1037)
at org.testng.Assert.assertEqualsImpl(Assert.java:140)
at org.testng.Assert.assertEquals(Assert.java:122)
at org.testng.Assert.assertEquals(Assert.java:907)
at domaci_zadatak_19_09_2022.BootstrapTableTests.deleteRow(BootstrapTableTests.java:94)
at java.base/jdk.internal.reflect.DirectMethodHandleAccessor.invoke(DirectMethodHandleAccessor.java:104)
at java.base/java.lang.reflect.Method.invoke(Method.java:577)
at org.testng.internal.MethodInvocationHelper.invokeMethod(MethodInvocationHelper.java:133)
at org.testng.internal.TestInvoker.invokeMethod(TestInvoker.java:598)
at org.testng.internal.TestInvoker.invokeTestMethod(TestInvoker.java:173)
at org.testng.internal.MethodRunner.runInSequence(MethodRunner.java:46)
at org.testng.internal.TestInvoker$MethodInvocationAgent.invoke(TestInvoker.java:824)
at org.testng.internal.TestInvoker.invokeTestMethods(TestInvoker.java:146)
at org.testng.internal.TestMethodWorker.invokeTestMethods(TestMethodWorker.java:146)
at org.testng.internal.TestMethodWorker.run(TestMethodWorker.java:128)
at java.base/java.util.ArrayList.forEach(ArrayList.java:1511)
at org.testng.TestRunner.privateRun(TestRunner.java:794)
at org.testng.TestRunner.run(TestRunner.java:596)
at org.testng.SuiteRunner.runTest(SuiteRunner.java:377)
at org.testng.SuiteRunner.runSequentially(SuiteRunner.java:371)
at org.testng.SuiteRunner.privateRun(SuiteRunner.java:332)
at org.testng.SuiteRunner.run(SuiteRunner.java:276)
at org.testng.SuiteRunnerWorker.runSuite(SuiteRunnerWorker.java:53)
at org.testng.SuiteRunnerWorker.run(SuiteRunnerWorker.java:96)
at org.testng.TestNG.runSuitesSequentially(TestNG.java:1212)
at org.testng.TestNG.runSuitesLocally(TestNG.java:1134)
at org.testng.TestNG.runSuites(TestNG.java:1063)
at org.testng.TestNG.run(TestNG.java:1031)
at org.testng.remote.AbstractRemoteTestNG.run(AbstractRemoteTestNG.java:115)
at org.testng.remote.RemoteTestNG.initAndRun(RemoteTestNG.java:251)
at org.testng.remote.RemoteTestNG.main(RemoteTestNG.java:77)
]]>
            </full-stacktrace>
          </exception> <!-- java.lang.AssertionError -->
          <reporter-output>
          </reporter-output>
        </test-method> <!-- deleteRow -->
        <test-method is-config="true" signature="afterMethod()[pri:0, instance:domaci_zadatak_19_09_2022.BootstrapTableTests@123ef382]" started-at="2022-09-20T16:41:43 CEST" name="afterMethod" finished-at="2022-09-20T16:41:43 CEST" duration-ms="0" status="PASS">
          <reporter-output>
          </reporter-output>
        </test-method> <!-- afterMethod -->
        <test-method is-config="true" signature="beforeMethod()[pri:0, instance:domaci_zadatak_19_09_2022.BootstrapTableTests@123ef382]" started-at="2022-09-20T16:41:43 CEST" name="beforeMethod" finished-at="2022-09-20T16:41:44 CEST" duration-ms="1459" status="PASS">
          <reporter-output>
          </reporter-output>
        </test-method> <!-- beforeMethod -->
        <test-method signature="takeAScreenshot()[pri:300, instance:domaci_zadatak_19_09_2022.BootstrapTableTests@123ef382]" started-at="2022-09-20T16:41:44 CEST" name="takeAScreenshot" finished-at="2022-09-20T16:41:45 CEST" duration-ms="344" status="PASS">
          <reporter-output>
          </reporter-output>
        </test-method> <!-- takeAScreenshot -->
        <test-method is-config="true" signature="afterMethod()[pri:0, instance:domaci_zadatak_19_09_2022.BootstrapTableTests@123ef382]" started-at="2022-09-20T16:41:45 CEST" name="afterMethod" finished-at="2022-09-20T16:41:45 CEST" duration-ms="1" status="PASS">
          <reporter-output>
          </reporter-output>
        </test-method> <!-- afterMethod -->
        <test-method is-config="true" signature="afterClass()[pri:0, instance:domaci_zadatak_19_09_2022.BootstrapTableTests@123ef382]" started-at="2022-09-20T16:41:45 CEST" name="afterClass" finished-at="2022-09-20T16:41:45 CEST" duration-ms="131" status="PASS">
          <reporter-output>
          </reporter-output>
        </test-method> <!-- afterClass -->
      </class> <!-- domaci_zadatak_19_09_2022.BootstrapTableTests -->
    </test> <!-- Default test -->
  </suite> <!-- Default suite -->
</testng-results>
